[debug] [2026-02-23T01:42:10.279Z] [Firebase Plugin] Activating Firebase extension.
[debug] [2026-02-23T01:42:42.678Z] [Firebase Plugin] requireAuthWrapper
[debug] [2026-02-23T01:42:42.686Z] > command requires scopes: ["email","openid","https://www.googleapis.com/auth/cloudplatformprojects.readonly","https://www.googleapis.com/auth/firebase","https://www.googleapis.com/auth/cloud-platform"]
[debug] [2026-02-23T01:42:42.759Z] [Firebase Plugin] VSCode notification server listening on port 40001
[error] [Firebase Plugin] requireAuth error: Could not load the default credentials. Browse to https://cloud.google.com/docs/authentication/getting-started for more information.
[info] [Firebase Plugin] Stopping Data Connect toolkit
[debug] [2026-02-23T01:42:58.861Z] [Firebase Plugin] Activating Firebase extension.
[debug] [2026-02-23T01:43:04.235Z] [Firebase Plugin] requireAuthWrapper
[debug] [2026-02-23T01:43:04.241Z] > command requires scopes: ["email","openid","https://www.googleapis.com/auth/cloudplatformprojects.readonly","https://www.googleapis.com/auth/firebase","https://www.googleapis.com/auth/cloud-platform"]
[debug] [2026-02-23T01:43:04.280Z] [Firebase Plugin] VSCode notification server listening on port 40001
[error] [Firebase Plugin] requireAuth error: Could not load the default credentials. Browse to https://cloud.google.com/docs/authentication/getting-started for more information.
[info] [Firebase Plugin] Starting Data Connect toolkit (version 3.1.1) on port 50001
[debug] [2026-02-23T01:43:10.315Z] 'fdc build' failed with error: Unable to build your Data Connect schema and connectors (exit code 1): E0223 01:43:10.314012    3040 cmd.go:43] Error loading data connect config: could not find dataconnect.yaml in `/workspaces/hometown/dataconnect`
 {"metadata":{"emulator":{"name":"dataconnect"},"message":"'fdc build' failed with error: Unable to build your Data Connect schema and connectors (exit code 1): E0223 01:43:10.314012    3040 cmd.go:43] Error loading data connect config: could not find dataconnect.yaml in `/workspaces/hometown/dataconnect`\n"}}
[debug] [2026-02-23T01:43:10.317Z] Ignoring unsupported arg: auto_download {"metadata":{"emulator":{"name":"dataconnect"},"message":"Ignoring unsupported arg: auto_download"}}
[debug] [2026-02-23T01:43:10.317Z] Ignoring unsupported arg: port {"metadata":{"emulator":{"name":"dataconnect"},"message":"Ignoring unsupported arg: port"}}
[debug] [2026-02-23T01:43:10.318Z] Starting Data Connect Emulator with command {"binary":"/home/codespace/.cache/firebase/emulators/dataconnect-emulator-3.1.1","args":["--logtostderr","-v=2","dev","--listen=localhost:50001","--config_dir=/workspaces/hometown/dataconnect","--enable_output_schema_extensions=true","--enable_output_generated_sdk=true"],"optionalArgs":["listen","config_dir","enable_output_schema_extensions","enable_output_generated_sdk"],"joinArgs":true,"shell":false,"port":9399} {"metadata":{"emulator":{"name":"dataconnect"},"message":"Starting Data Connect Emulator with command {\"binary\":\"/home/codespace/.cache/firebase/emulators/dataconnect-emulator-3.1.1\",\"args\":[\"--logtostderr\",\"-v=2\",\"dev\",\"--listen=localhost:50001\",\"--config_dir=/workspaces/hometown/dataconnect\",\"--enable_output_schema_extensions=true\",\"--enable_output_generated_sdk=true\"],\"optionalArgs\":[\"listen\",\"config_dir\",\"enable_output_schema_extensions\",\"enable_output_generated_sdk\"],\"joinArgs\":true,\"shell\":false,\"port\":9399}"}}
[info] i  dataconnect: Data Connect Emulator logging to dataconnect-debug.log {"metadata":{"emulator":{"name":"dataconnect"},"message":"Data Connect Emulator logging to dataconnect-debug.log"}}
[debug] [2026-02-23T01:43:10.378Z] E0223 01:43:10.351114    3047 dev.go:83] Failed to load initial config from "/workspaces/hometown/dataconnect": could not find dataconnect.yaml in `/workspaces/hometown/dataconnect`
E0223 01:43:10.351773    3047 watch.go:116] watchAllDir unable to walk dir `/workspaces/hometown/dataconnect`: lstat /workspaces/hometown/dataconnect: no such file or directory
I0223 01:43:10.352143    3047 dev.go:104] Listening on address (HTTP + gRPC): 127.0.0.1:50001
 {"metadata":{"emulator":{"name":"dataconnect"},"message":"E0223 01:43:10.351114    3047 dev.go:83] Failed to load initial config from \"/workspaces/hometown/dataconnect\": could not find dataconnect.yaml in `/workspaces/hometown/dataconnect`\nE0223 01:43:10.351773    3047 watch.go:116] watchAllDir unable to walk dir `/workspaces/hometown/dataconnect`: lstat /workspaces/hometown/dataconnect: no such file or directory\nI0223 01:43:10.352143    3047 dev.go:104] Listening on address (HTTP + gRPC): 127.0.0.1:50001\n"}}
[error] [Firebase Plugin] error:  {}
[debug] [2026-02-23T01:43:25.742Z] E0223 01:43:20.356062    3047 watch.go:40] Failed to load config from "/workspaces/hometown/dataconnect": could not find dataconnect.yaml in `/workspaces/hometown/dataconnect`
 {"metadata":{"emulator":{"name":"dataconnect"},"message":"E0223 01:43:20.356062    3047 watch.go:40] Failed to load config from \"/workspaces/hometown/dataconnect\": could not find dataconnect.yaml in `/workspaces/hometown/dataconnect`\n"}}
[debug] [2026-02-23T01:43:30.366Z] E0223 01:43:30.365605    3047 watch.go:40] Failed to load config from "/workspaces/hometown/dataconnect": could not find dataconnect.yaml in `/workspaces/hometown/dataconnect`
 {"metadata":{"emulator":{"name":"dataconnect"},"message":"E0223 01:43:30.365605    3047 watch.go:40] Failed to load config from \"/workspaces/hometown/dataconnect\": could not find dataconnect.yaml in `/workspaces/hometown/dataconnect`\n"}}
[debug] [2026-02-23T01:43:40.352Z] E0223 01:43:40.352180    3047 watch.go:40] Failed to load config from "/workspaces/hometown/dataconnect": could not find dataconnect.yaml in `/workspaces/hometown/dataconnect`
 {"metadata":{"emulator":{"name":"dataconnect"},"message":"E0223 01:43:40.352180    3047 watch.go:40] Failed to load config from \"/workspaces/hometown/dataconnect\": could not find dataconnect.yaml in `/workspaces/hometown/dataconnect`\n"}}
[debug] [2026-02-23T01:43:50.352Z] E0223 01:43:50.352025    3047 watch.go:40] Failed to load config from "/workspaces/hometown/dataconnect": could not find dataconnect.yaml in `/workspaces/hometown/dataconnect`
 {"metadata":{"emulator":{"name":"dataconnect"},"message":"E0223 01:43:50.352025    3047 watch.go:40] Failed to load config from \"/workspaces/hometown/dataconnect\": could not find dataconnect.yaml in `/workspaces/hometown/dataconnect`\n"}}
[debug] [2026-02-23T01:44:00.358Z] E0223 01:44:00.358033    3047 watch.go:40] Failed to load config from "/workspaces/hometown/dataconnect": could not find dataconnect.yaml in `/workspaces/hometown/dataconnect`
 {"metadata":{"emulator":{"name":"dataconnect"},"message":"E0223 01:44:00.358033    3047 watch.go:40] Failed to load config from \"/workspaces/hometown/dataconnect\": could not find dataconnect.yaml in `/workspaces/hometown/dataconnect`\n"}}
[debug] [2026-02-23T01:44:10.352Z] E0223 01:44:10.352036    3047 watch.go:116] watchAllDir unable to walk dir `/workspaces/hometown/dataconnect`: lstat /workspaces/hometown/dataconnect: no such file or directory
E0223 01:44:10.352051    3047 watch.go:40] Failed to load config from "/workspaces/hometown/dataconnect": could not find dataconnect.yaml in `/workspaces/hometown/dataconnect`
 {"metadata":{"emulator":{"name":"dataconnect"},"message":"E0223 01:44:10.352036    3047 watch.go:116] watchAllDir unable to walk dir `/workspaces/hometown/dataconnect`: lstat /workspaces/hometown/dataconnect: no such file or directory\nE0223 01:44:10.352051    3047 watch.go:40] Failed to load config from \"/workspaces/hometown/dataconnect\": could not find dataconnect.yaml in `/workspaces/hometown/dataconnect`\n"}}
[debug] [2026-02-23T01:44:20.361Z] E0223 01:44:20.360902    3047 watch.go:40] Failed to load config from "/workspaces/hometown/dataconnect": could not find dataconnect.yaml in `/workspaces/hometown/dataconnect`
 {"metadata":{"emulator":{"name":"dataconnect"},"message":"E0223 01:44:20.360902    3047 watch.go:40] Failed to load config from \"/workspaces/hometown/dataconnect\": could not find dataconnect.yaml in `/workspaces/hometown/dataconnect`\n"}}
[debug] [2026-02-23T01:44:30.361Z] E0223 01:44:30.360899    3047 watch.go:40] Failed to load config from "/workspaces/hometown/dataconnect": could not find dataconnect.yaml in `/workspaces/hometown/dataconnect`
 {"metadata":{"emulator":{"name":"dataconnect"},"message":"E0223 01:44:30.360899    3047 watch.go:40] Failed to load config from \"/workspaces/hometown/dataconnect\": could not find dataconnect.yaml in `/workspaces/hometown/dataconnect`\n"}}
[debug] [2026-02-23T01:44:40.533Z] E0223 01:44:40.351968    3047 watch.go:40] Failed to load config from "/workspaces/hometown/dataconnect": could not find dataconnect.yaml in `/workspaces/hometown/dataconnect`
 {"metadata":{"emulator":{"name":"dataconnect"},"message":"E0223 01:44:40.351968    3047 watch.go:40] Failed to load config from \"/workspaces/hometown/dataconnect\": could not find dataconnect.yaml in `/workspaces/hometown/dataconnect`\n"}}
[debug] [2026-02-23T01:44:50.361Z] E0223 01:44:50.360901    3047 watch.go:40] Failed to load config from "/workspaces/hometown/dataconnect": could not find dataconnect.yaml in `/workspaces/hometown/dataconnect`
 {"metadata":{"emulator":{"name":"dataconnect"},"message":"E0223 01:44:50.360901    3047 watch.go:40] Failed to load config from \"/workspaces/hometown/dataconnect\": could not find dataconnect.yaml in `/workspaces/hometown/dataconnect`\n"}}
[debug] [2026-02-23T01:45:00.353Z] E0223 01:45:00.352911    3047 watch.go:40] Failed to load config from "/workspaces/hometown/dataconnect": could not find dataconnect.yaml in `/workspaces/hometown/dataconnect`
 {"metadata":{"emulator":{"name":"dataconnect"},"message":"E0223 01:45:00.352911    3047 watch.go:40] Failed to load config from \"/workspaces/hometown/dataconnect\": could not find dataconnect.yaml in `/workspaces/hometown/dataconnect`\n"}}
[debug] [2026-02-23T01:45:10.353Z] E0223 01:45:10.352954    3047 watch.go:116] watchAllDir unable to walk dir `/workspaces/hometown/dataconnect`: lstat /workspaces/hometown/dataconnect: no such file or directory
E0223 01:45:10.352975    3047 watch.go:40] Failed to load config from "/workspaces/hometown/dataconnect": could not find dataconnect.yaml in `/workspaces/hometown/dataconnect`
 {"metadata":{"emulator":{"name":"dataconnect"},"message":"E0223 01:45:10.352954    3047 watch.go:116] watchAllDir unable to walk dir `/workspaces/hometown/dataconnect`: lstat /workspaces/hometown/dataconnect: no such file or directory\nE0223 01:45:10.352975    3047 watch.go:40] Failed to load config from \"/workspaces/hometown/dataconnect\": could not find dataconnect.yaml in `/workspaces/hometown/dataconnect`\n"}}
[debug] [2026-02-23T01:45:20.352Z] E0223 01:45:20.352212    3047 watch.go:40] Failed to load config from "/workspaces/hometown/dataconnect": could not find dataconnect.yaml in `/workspaces/hometown/dataconnect`
 {"metadata":{"emulator":{"name":"dataconnect"},"message":"E0223 01:45:20.352212    3047 watch.go:40] Failed to load config from \"/workspaces/hometown/dataconnect\": could not find dataconnect.yaml in `/workspaces/hometown/dataconnect`\n"}}
[debug] [2026-02-23T01:45:30.352Z] E0223 01:45:30.352015    3047 watch.go:40] Failed to load config from "/workspaces/hometown/dataconnect": could not find dataconnect.yaml in `/workspaces/hometown/dataconnect`
 {"metadata":{"emulator":{"name":"dataconnect"},"message":"E0223 01:45:30.352015    3047 watch.go:40] Failed to load config from \"/workspaces/hometown/dataconnect\": could not find dataconnect.yaml in `/workspaces/hometown/dataconnect`\n"}}
[debug] [2026-02-23T01:45:40.352Z] E0223 01:45:40.352841    3047 watch.go:40] Failed to load config from "/workspaces/hometown/dataconnect": could not find dataconnect.yaml in `/workspaces/hometown/dataconnect`
 {"metadata":{"emulator":{"name":"dataconnect"},"message":"E0223 01:45:40.352841    3047 watch.go:40] Failed to load config from \"/workspaces/hometown/dataconnect\": could not find dataconnect.yaml in `/workspaces/hometown/dataconnect`\n"}}
[debug] [2026-02-23T01:45:50.362Z] E0223 01:45:50.361878    3047 watch.go:40] Failed to load config from "/workspaces/hometown/dataconnect": could not find dataconnect.yaml in `/workspaces/hometown/dataconnect`
 {"metadata":{"emulator":{"name":"dataconnect"},"message":"E0223 01:45:50.361878    3047 watch.go:40] Failed to load config from \"/workspaces/hometown/dataconnect\": could not find dataconnect.yaml in `/workspaces/hometown/dataconnect`\n"}}
[debug] [2026-02-23T01:46:00.357Z] E0223 01:46:00.356931    3047 watch.go:40] Failed to load config from "/workspaces/hometown/dataconnect": could not find dataconnect.yaml in `/workspaces/hometown/dataconnect`
 {"metadata":{"emulator":{"name":"dataconnect"},"message":"E0223 01:46:00.356931    3047 watch.go:40] Failed to load config from \"/workspaces/hometown/dataconnect\": could not find dataconnect.yaml in `/workspaces/hometown/dataconnect`\n"}}
[debug] [2026-02-23T01:46:10.352Z] E0223 01:46:10.352148    3047 watch.go:116] watchAllDir unable to walk dir `/workspaces/hometown/dataconnect`: lstat /workspaces/hometown/dataconnect: no such file or directory
E0223 01:46:10.352174    3047 watch.go:40] Failed to load config from "/workspaces/hometown/dataconnect": could not find dataconnect.yaml in `/workspaces/hometown/dataconnect`
 {"metadata":{"emulator":{"name":"dataconnect"},"message":"E0223 01:46:10.352148    3047 watch.go:116] watchAllDir unable to walk dir `/workspaces/hometown/dataconnect`: lstat /workspaces/hometown/dataconnect: no such file or directory\nE0223 01:46:10.352174    3047 watch.go:40] Failed to load config from \"/workspaces/hometown/dataconnect\": could not find dataconnect.yaml in `/workspaces/hometown/dataconnect`\n"}}
[debug] [2026-02-23T01:46:20.495Z] E0223 01:46:20.351998    3047 watch.go:40] Failed to load config from "/workspaces/hometown/dataconnect": could not find dataconnect.yaml in `/workspaces/hometown/dataconnect`
 {"metadata":{"emulator":{"name":"dataconnect"},"message":"E0223 01:46:20.351998    3047 watch.go:40] Failed to load config from \"/workspaces/hometown/dataconnect\": could not find dataconnect.yaml in `/workspaces/hometown/dataconnect`\n"}}
[debug] [2026-02-23T01:46:30.352Z] E0223 01:46:30.352458    3047 watch.go:40] Failed to load config from "/workspaces/hometown/dataconnect": could not find dataconnect.yaml in `/workspaces/hometown/dataconnect`
 {"metadata":{"emulator":{"name":"dataconnect"},"message":"E0223 01:46:30.352458    3047 watch.go:40] Failed to load config from \"/workspaces/hometown/dataconnect\": could not find dataconnect.yaml in `/workspaces/hometown/dataconnect`\n"}}
[debug] [2026-02-23T01:46:40.352Z] E0223 01:46:40.351954    3047 watch.go:40] Failed to load config from "/workspaces/hometown/dataconnect": could not find dataconnect.yaml in `/workspaces/hometown/dataconnect`
 {"metadata":{"emulator":{"name":"dataconnect"},"message":"E0223 01:46:40.351954    3047 watch.go:40] Failed to load config from \"/workspaces/hometown/dataconnect\": could not find dataconnect.yaml in `/workspaces/hometown/dataconnect`\n"}}
[debug] [2026-02-23T01:46:50.360Z] E0223 01:46:50.360624    3047 watch.go:40] Failed to load config from "/workspaces/hometown/dataconnect": could not find dataconnect.yaml in `/workspaces/hometown/dataconnect`
 {"metadata":{"emulator":{"name":"dataconnect"},"message":"E0223 01:46:50.360624    3047 watch.go:40] Failed to load config from \"/workspaces/hometown/dataconnect\": could not find dataconnect.yaml in `/workspaces/hometown/dataconnect`\n"}}
[debug] [2026-02-23T01:47:00.359Z] E0223 01:47:00.359887    3047 watch.go:40] Failed to load config from "/workspaces/hometown/dataconnect": could not find dataconnect.yaml in `/workspaces/hometown/dataconnect`
 {"metadata":{"emulator":{"name":"dataconnect"},"message":"E0223 01:47:00.359887    3047 watch.go:40] Failed to load config from \"/workspaces/hometown/dataconnect\": could not find dataconnect.yaml in `/workspaces/hometown/dataconnect`\n"}}
[debug] [2026-02-23T01:47:10.354Z] E0223 01:47:10.353868    3047 watch.go:116] watchAllDir unable to walk dir `/workspaces/hometown/dataconnect`: lstat /workspaces/hometown/dataconnect: no such file or directory
E0223 01:47:10.353930    3047 watch.go:40] Failed to load config from "/workspaces/hometown/dataconnect": could not find dataconnect.yaml in `/workspaces/hometown/dataconnect`
 {"metadata":{"emulator":{"name":"dataconnect"},"message":"E0223 01:47:10.353868    3047 watch.go:116] watchAllDir unable to walk dir `/workspaces/hometown/dataconnect`: lstat /workspaces/hometown/dataconnect: no such file or directory\nE0223 01:47:10.353930    3047 watch.go:40] Failed to load config from \"/workspaces/hometown/dataconnect\": could not find dataconnect.yaml in `/workspaces/hometown/dataconnect`\n"}}
[debug] [2026-02-23T01:47:20.361Z] E0223 01:47:20.361020    3047 watch.go:40] Failed to load config from "/workspaces/hometown/dataconnect": could not find dataconnect.yaml in `/workspaces/hometown/dataconnect`
 {"metadata":{"emulator":{"name":"dataconnect"},"message":"E0223 01:47:20.361020    3047 watch.go:40] Failed to load config from \"/workspaces/hometown/dataconnect\": could not find dataconnect.yaml in `/workspaces/hometown/dataconnect`\n"}}
